0 info it worked if it ends with ok
1 verbose cli [ '/home/ubuntu/.nvm/versions/node/v4.1.1/bin/node',
1 verbose cli   '/home/ubuntu/.nvm/versions/node/v4.1.1/bin/npm',
1 verbose cli   'install',
1 verbose cli   'os' ]
2 info using npm@2.14.4
3 info using node@v4.1.1
4 verbose install initial load of /home/ubuntu/requesthead/package.json
5 verbose installManyTop reading scoped package data from /home/ubuntu/requesthead/node_modules/async/package.json
6 verbose installManyTop reading scoped package data from /home/ubuntu/requesthead/node_modules/cookie-parser/package.json
7 verbose installManyTop reading scoped package data from /home/ubuntu/requesthead/node_modules/express/package.json
8 verbose installManyTop reading scoped package data from /home/ubuntu/requesthead/node_modules/express-request-language/package.json
9 verbose installManyTop reading scoped package data from /home/ubuntu/requesthead/node_modules/externalip/package.json
10 verbose installManyTop reading scoped package data from /home/ubuntu/requesthead/node_modules/moment/package.json
11 verbose installManyTop reading scoped package data from /home/ubuntu/requesthead/node_modules/socket.io/package.json
12 info package.json async@0.2.10 No license field.
13 info package.json express@3.2.6 No license field.
14 info package.json externalip@1.0.1 No repository field.
15 info package.json socket.io@0.9.17 No license field.
16 verbose readDependencies loading dependencies from /home/ubuntu/requesthead/package.json
17 silly cache add args [ 'os', null ]
18 verbose cache add spec os
19 silly cache add parsed spec Result {
19 silly cache add   raw: 'os',
19 silly cache add   scope: null,
19 silly cache add   name: 'os',
19 silly cache add   rawSpec: '',
19 silly cache add   spec: '*',
19 silly cache add   type: 'range' }
20 silly addNamed os@*
21 verbose addNamed "*" is a valid semver range for os
22 silly addNameRange { name: 'os', range: '*', hasData: false }
23 silly mapToRegistry name os
24 silly mapToRegistry using default registry
25 silly mapToRegistry registry https://registry.npmjs.org/
26 silly mapToRegistry uri https://registry.npmjs.org/os
27 verbose addNameRange registry:https://registry.npmjs.org/os not in flight; fetching
28 verbose request uri https://registry.npmjs.org/os
29 verbose request no auth needed
30 info attempt registry request try #1 at 6:36:37 PM
31 verbose request id 1b6fb70c625ea4f8
32 http request GET https://registry.npmjs.org/os
33 http 404 https://registry.npmjs.org/os
34 verbose headers { 'content-type': 'application/json',
34 verbose headers   'cache-control': 'max-age=0',
34 verbose headers   'content-length': '2',
34 verbose headers   'accept-ranges': 'bytes',
34 verbose headers   date: 'Thu, 11 Feb 2016 18:36:37 GMT',
34 verbose headers   via: '1.1 varnish',
34 verbose headers   age: '0',
34 verbose headers   connection: 'keep-alive',
34 verbose headers   'x-served-by': 'cache-dfw1820-DFW',
34 verbose headers   'x-cache': 'MISS',
34 verbose headers   'x-cache-hits': '0',
34 verbose headers   'x-timer': 'S1455215797.690517,VS0,VE68' }
35 silly get cb [ 404,
35 silly get   { 'content-type': 'application/json',
35 silly get     'cache-control': 'max-age=0',
35 silly get     'content-length': '2',
35 silly get     'accept-ranges': 'bytes',
35 silly get     date: 'Thu, 11 Feb 2016 18:36:37 GMT',
35 silly get     via: '1.1 varnish',
35 silly get     age: '0',
35 silly get     connection: 'keep-alive',
35 silly get     'x-served-by': 'cache-dfw1820-DFW',
35 silly get     'x-cache': 'MISS',
35 silly get     'x-cache-hits': '0',
35 silly get     'x-timer': 'S1455215797.690517,VS0,VE68' } ]
36 verbose stack Error: Registry returned 404 for GET on https://registry.npmjs.org/os
36 verbose stack     at makeError (/home/ubuntu/.nvm/versions/node/v4.1.1/lib/node_modules/npm/node_modules/npm-registry-client/lib/request.js:263:12)
36 verbose stack     at CachingRegistryClient.<anonymous> (/home/ubuntu/.nvm/versions/node/v4.1.1/lib/node_modules/npm/node_modules/npm-registry-client/lib/request.js:241:14)
36 verbose stack     at Request._callback (/home/ubuntu/.nvm/versions/node/v4.1.1/lib/node_modules/npm/node_modules/npm-registry-client/lib/request.js:171:14)
36 verbose stack     at Request.self.callback (/home/ubuntu/.nvm/versions/node/v4.1.1/lib/node_modules/npm/node_modules/request/request.js:198:22)
36 verbose stack     at emitTwo (events.js:87:13)
36 verbose stack     at Request.emit (events.js:172:7)
36 verbose stack     at Request.<anonymous> (/home/ubuntu/.nvm/versions/node/v4.1.1/lib/node_modules/npm/node_modules/request/request.js:1073:14)
36 verbose stack     at emitOne (events.js:82:20)
36 verbose stack     at Request.emit (events.js:169:7)
36 verbose stack     at IncomingMessage.<anonymous> (/home/ubuntu/.nvm/versions/node/v4.1.1/lib/node_modules/npm/node_modules/request/request.js:1019:12)
37 verbose statusCode 404
38 verbose pkgid os
39 verbose cwd /home/ubuntu/requesthead
40 error Linux 4.2.0-c9
41 error argv "/home/ubuntu/.nvm/versions/node/v4.1.1/bin/node" "/home/ubuntu/.nvm/versions/node/v4.1.1/bin/npm" "install" "os"
42 error node v4.1.1
43 error npm  v2.14.4
44 error code E404
45 error 404 Registry returned 404 for GET on https://registry.npmjs.org/os
45 error 404
45 error 404 'os' is not in the npm registry.
45 error 404 Your package name is not valid, because
45 error 404
45 error 404  1. os is a core module name
45 error 404
45 error 404 Note that you can also install from a
45 error 404 tarball, folder, http url, or git url.
46 verbose exit [ 1, true ]
